#
# A fatal error has been detected by the Java Runtime Environment:
#
#  Internal Error (javaClasses.cpp:136), pid=6508, tid=6012
#  fatal error: Invalid layout of preloaded class
#
# JRE version:  (7.0_45-b18) (build )
# Java VM: Java HotSpot(TM) Client VM (24.45-b08 mixed mode windows-x86 )
# Failed to write core dump. Minidumps are not enabled by default on client versions of Windows
#
# If you would like to submit a bug report, please visit:
#   http://bugreport.sun.com/bugreport/crash.jsp
#

---------------  T H R E A D  ---------------

Current thread (0x0143c800):  JavaThread "Unknown thread" [_thread_in_vm, id=6012, stack(0x012c0000,0x01310000)]

Stack: [0x012c0000,0x01310000],  sp=0x0130f774,  free space=317k
Native frames: (J=compiled Java code, j=interpreted, Vv=VM code, C=native code)
V  [jvm.dll+0x18df51]
V  [jvm.dll+0x187cc6]
V  [jvm.dll+0x3586a]
V  [jvm.dll+0x358f6]
V  [jvm.dll+0x4400d]
V  [jvm.dll+0x442be]
V  [jvm.dll+0x9263a]
V  [jvm.dll+0x929eb]
V  [jvm.dll+0x13daf1]
V  [jvm.dll+0x1605fc]
V  [jvm.dll+0xc8ebf]
C  [javaw.exe+0x13ce]
C  [javaw.exe+0x1e40]
C  [javaw.exe+0xa5b1]
C  [javaw.exe+0xa63b]
C  [kernel32.dll+0x4ed5c]
C  [ntdll.dll+0x6377b]
C  [ntdll.dll+0x6374e]


---------------  P R O C E S S  ---------------

Java Threads: ( => current thread )

Other Threads:

=>0x0143c800 (exited) JavaThread "Unknown thread" [_thread_in_vm, id=6012, stack(0x012c0000,0x01310000)]

VM state:not at safepoint (not fully initialized)

VM Mutex/Monitor currently owned by a thread: None

GC Heap History (0 events):
No events

Deoptimization events (0 events):
No events

Internal exceptions (0 events):
No events

Events (10 events):
Event: 0.009 loading class 0x01159108 done
Event: 0.009 loading class 0x01158b98 done
Event: 0.009 loading class 0x01158b78
Event: 0.009 loading class 0x0115fea0
Event: 0.010 loading class 0x0115fea0 done
Event: 0.010 loading class 0x0115fed0
Event: 0.010 loading class 0x0115fed0 done
Event: 0.010 loading class 0x0115ff00
Event: 0.010 loading class 0x0115ff00 done
Event: 0.010 loading class 0x01158b78 done


Dynamic libraries:
0x01250000 - 0x0127f000 	C:\Program Files\Java\jre7\bin\javaw.exe
0x77b50000 - 0x77c8c000 	C:\Windows\SYSTEM32\ntdll.dll
0x76c80000 - 0x76d54000 	C:\Windows\system32\kernel32.dll
0x75c50000 - 0x75c9b000 	C:\Windows\system32\KERNELBASE.dll
0x76ba0000 - 0x76c40000 	C:\Windows\system32\ADVAPI32.dll
0x75f90000 - 0x7603c000 	C:\Windows\system32\msvcrt.dll
0x76780000 - 0x76799000 	C:\Windows\SYSTEM32\sechost.dll
0x76860000 - 0x76902000 	C:\Windows\system32\RPCRT4.dll
0x762f0000 - 0x763b9000 	C:\Windows\system32\USER32.dll
0x76930000 - 0x7697e000 	C:\Windows\system32\GDI32.dll
0x76910000 - 0x7691a000 	C:\Windows\system32\LPK.dll
0x75d80000 - 0x75e1d000 	C:\Windows\system32\USP10.dll
0x74740000 - 0x748de000 	C:\Windows\WinSxS\x86_microsoft.windows.common-controls_6595b64144ccf1df_6.0.7601.17514_none_41e6975e2bd6f2b2\COMCTL32.dll
0x76ea0000 - 0x76ef7000 	C:\Windows\system32\SHLWAPI.dll
0x762d0000 - 0x762ef000 	C:\Windows\system32\IMM32.DLL
0x77cb0000 - 0x77d7c000 	C:\Windows\system32\MSCTF.dll
0x5d6e0000 - 0x5d79f000 	C:\Program Files\Java\jre7\bin\msvcr100.dll
0x5d2f0000 - 0x5d670000 	C:\Program Files\Java\jre7\bin\client\jvm.dll
0x727a0000 - 0x727a7000 	C:\Windows\system32\WSOCK32.dll
0x76c40000 - 0x76c75000 	C:\Windows\system32\WS2_32.dll
0x76920000 - 0x76926000 	C:\Windows\system32\NSI.dll
0x75b20000 - 0x75b52000 	C:\Windows\system32\WINMM.dll
0x77ca0000 - 0x77ca5000 	C:\Windows\system32\PSAPI.DLL
0x6caf0000 - 0x6cafc000 	C:\Program Files\Java\jre7\bin\verify.dll
0x67140000 - 0x67160000 	C:\Program Files\Java\jre7\bin\java.dll
0x6c700000 - 0x6c713000 	C:\Program Files\Java\jre7\bin\zip.dll
0x72a60000 - 0x72b4b000 	C:\Windows\system32\dbghelp.dll

VM Arguments:
jvm_args: -Dfile.encoding=GBK -Xbootclasspath:D:\android-sdk\platforms\android-19\android.jar 
java_command: org.eclipse.jdt.internal.junit.runner.RemoteTestRunner -version 3 -port 8807 -testLoaderClass org.eclipse.jdt.internal.junit.runner.junit3.JUnit3TestLoader -loaderpluginname org.eclipse.jdt.junit.runtime -classNames com.zoe.ott_videoview.JuintDemo
Launcher Type: SUN_STANDARD

Environment Variables:
JAVA_HOME=D:\Java\jdk1.7.0_10
CLASSPATH= .D:\Java\jdk1.7.0_10\lib;D:\Java\jdk1.7.0_10\lib\tools.jar
PATH=C:/Program Files/Java/jre7/bin/client;C:/Program Files/Java/jre7/bin;C:/Program Files/Java/jre7/lib/i386;C:\Program Files\Intel\iCLS Client\;C:\Windows\system32;C:\Windows;C:\Windows\System32\Wbem;C:\Windows\System32\WindowsPowerShell\v1.0\;C:\Program Files\Intel\OpenCL SDK\2.0\bin\x86;C:\Program Files\Intel\Intel(R) Management Engine Components\DAL;C:\Program Files\Intel\Intel(R) Management Engine Components\IPT;D:\Java\jdk1.7.0_10\bin;D:\Java\jdk1.7.0_10\jre\bin;D:\android-sdk\platform-tools;D:\android-sdk\tools;D:\Python;C:\Program Files\Microsoft SQL Server\110\Tools\Binn\;D:\eclipse;
USERNAME=Administrator
OS=Windows_NT
PROCESSOR_IDENTIFIER=x86 Family 6 Model 58 Stepping 9, GenuineIntel



---------------  S Y S T E M  ---------------

OS: Windows 7 Build 7601 Service Pack 1

CPU:total 4 (2 cores per cpu, 2 threads per core) family 6 model 58 stepping 9, cmov, cx8, fxsr, mmx, sse, sse2, sse3, ssse3, sse4.1, sse4.2, popcnt, avx, erms, ht, tsc, tscinvbit, tscinv

Memory: 4k page, physical 3497760k(941536k free), swap 6993764k(3892288k free)

vm_info: Java HotSpot(TM) Client VM (24.45-b08) for windows-x86 JRE (1.7.0_45-b18), built on Oct  8 2013 06:02:43 by "java_re" with unknown MS VC++:1600

time: Tue Dec 10 09:06:35 2013
elapsed time: 0 seconds

